2018-04-17 12:27:55,827 - Log4JLogChute initialized using file 'velocity.log'
2018-04-17 12:27:55,827 - Starting Apache Velocity v1.5 (compiled: 2007-02-22 08:52:29)
2018-04-17 12:27:55,827 - Default Properties File: org/apache/velocity/runtime/defaults/velocity.properties
2018-04-17 12:27:55,827 - Trying to use logger class org.apache.velocity.runtime.log.AvalonLogChute
2018-04-17 12:27:55,828 - Couldn't find class org.apache.velocity.runtime.log.AvalonLogChute or necessary supporting classes in classpath.
java.lang.NoClassDefFoundError: org/apache/log/format/Formatter
	at java.lang.Class.forName0(Native Method)
	at java.lang.Class.forName(Class.java:348)
	at org.apache.velocity.util.ClassUtils.getClass(ClassUtils.java:63)
	at org.apache.velocity.util.ClassUtils.getNewInstance(ClassUtils.java:95)
	at org.apache.velocity.runtime.log.LogManager.createLogChute(LogManager.java:147)
	at org.apache.velocity.runtime.log.LogManager.updateLog(LogManager.java:208)
	at org.apache.velocity.runtime.RuntimeInstance.initializeLog(RuntimeInstance.java:728)
	at org.apache.velocity.runtime.RuntimeInstance.init(RuntimeInstance.java:240)
	at org.apache.velocity.runtime.RuntimeSingleton.init(RuntimeSingleton.java:113)
	at org.apache.velocity.app.Velocity.init(Velocity.java:83)
	at com.dfire.common.util.RenderHierarchyProperties.<clinit>(RenderHierarchyProperties.java:26)
	at com.dfire.api.StringUtilTest.parseDate(StringUtilTest.java:29)
	at sun.reflect.NativeMethodAccessorImpl.invoke0(Native Method)
	at sun.reflect.NativeMethodAccessorImpl.invoke(NativeMethodAccessorImpl.java:62)
	at sun.reflect.DelegatingMethodAccessorImpl.invoke(DelegatingMethodAccessorImpl.java:43)
	at java.lang.reflect.Method.invoke(Method.java:498)
	at org.junit.runners.model.FrameworkMethod$1.runReflectiveCall(FrameworkMethod.java:50)
	at org.junit.internal.runners.model.ReflectiveCallable.run(ReflectiveCallable.java:12)
	at org.junit.runners.model.FrameworkMethod.invokeExplosively(FrameworkMethod.java:47)
	at org.junit.internal.runners.statements.InvokeMethod.evaluate(InvokeMethod.java:17)
	at org.junit.runners.ParentRunner.runLeaf(ParentRunner.java:325)
	at org.junit.runners.BlockJUnit4ClassRunner.runChild(BlockJUnit4ClassRunner.java:78)
	at org.junit.runners.BlockJUnit4ClassRunner.runChild(BlockJUnit4ClassRunner.java:57)
	at org.junit.runners.ParentRunner$3.run(ParentRunner.java:290)
	at org.junit.runners.ParentRunner$1.schedule(ParentRunner.java:71)
	at org.junit.runners.ParentRunner.runChildren(ParentRunner.java:288)
	at org.junit.runners.ParentRunner.access$000(ParentRunner.java:58)
	at org.junit.runners.ParentRunner$2.evaluate(ParentRunner.java:268)
	at org.junit.runners.ParentRunner.run(ParentRunner.java:363)
	at org.apache.maven.surefire.junit4.JUnit4Provider.execute(JUnit4Provider.java:283)
	at org.apache.maven.surefire.junit4.JUnit4Provider.executeWithRerun(JUnit4Provider.java:173)
	at org.apache.maven.surefire.junit4.JUnit4Provider.executeTestSet(JUnit4Provider.java:153)
	at org.apache.maven.surefire.junit4.JUnit4Provider.invoke(JUnit4Provider.java:128)
	at org.apache.maven.surefire.booter.ForkedBooter.invokeProviderInSameClassLoader(ForkedBooter.java:203)
	at org.apache.maven.surefire.booter.ForkedBooter.runSuitesInProcess(ForkedBooter.java:155)
	at org.apache.maven.surefire.booter.ForkedBooter.main(ForkedBooter.java:103)
Caused by: java.lang.ClassNotFoundException: org.apache.log.format.Formatter
	at java.net.URLClassLoader.findClass(URLClassLoader.java:381)
	at java.lang.ClassLoader.loadClass(ClassLoader.java:424)
	at sun.misc.Launcher$AppClassLoader.loadClass(Launcher.java:338)
	at java.lang.ClassLoader.loadClass(ClassLoader.java:357)
	... 36 more
2018-04-17 12:27:55,833 - Trying to use logger class org.apache.velocity.runtime.log.Log4JLogChute
2018-04-17 12:27:55,833 - Using logger class org.apache.velocity.runtime.log.Log4JLogChute
2018-04-17 12:27:55,836 - Default ResourceManager initializing. (class org.apache.velocity.runtime.resource.ResourceManagerImpl)
2018-04-17 12:27:55,838 - ResourceLoader instantiated: org.apache.velocity.runtime.resource.loader.FileResourceLoader
2018-04-17 12:27:55,839 - Do unicode file recognition:  false
2018-04-17 12:27:55,839 - FileResourceLoader : adding path '.'
2018-04-17 12:27:55,850 - ResourceCache: initialized (class org.apache.velocity.runtime.resource.ResourceCacheImpl)
2018-04-17 12:27:55,851 - Loaded System Directive: org.apache.velocity.runtime.directive.Literal
2018-04-17 12:27:55,852 - Loaded System Directive: org.apache.velocity.runtime.directive.Macro
2018-04-17 12:27:55,853 - Loaded System Directive: org.apache.velocity.runtime.directive.Parse
2018-04-17 12:27:55,854 - Loaded System Directive: org.apache.velocity.runtime.directive.Include
2018-04-17 12:27:55,855 - Loaded System Directive: org.apache.velocity.runtime.directive.Foreach
2018-04-17 12:27:55,878 - Created '20' parsers.
2018-04-17 12:27:55,881 - Velocimacro : "velocimacro.library" is not set.  Trying default library: VM_global_library.vm
2018-04-17 12:27:55,881 - Velocimacro : Default library not found.
2018-04-17 12:27:55,881 - Velocimacro : allowInline = true : VMs can be defined inline in templates
2018-04-17 12:27:55,881 - Velocimacro : allowInlineToOverride = false : VMs defined inline may NOT replace previous VM definitions
2018-04-17 12:27:55,881 - Velocimacro : allowInlineLocal = false : VMs defined inline will be global in scope if allowed.
2018-04-17 12:27:55,882 - Velocimacro : autoload off : VM system will not automatically reload global library macros
2018-05-15 15:54:22,067 - Log4JLogChute initialized using file 'velocity.log'
2018-05-15 15:54:22,067 - Starting Apache Velocity v1.5 (compiled: 2007-02-22 08:52:29)
2018-05-15 15:54:22,067 - Default Properties File: org/apache/velocity/runtime/defaults/velocity.properties
2018-05-15 15:54:22,068 - Trying to use logger class org.apache.velocity.runtime.log.AvalonLogChute
2018-05-15 15:54:22,068 - Couldn't find class org.apache.velocity.runtime.log.AvalonLogChute or necessary supporting classes in classpath.
java.lang.NoClassDefFoundError: org/apache/log/format/Formatter
	at java.lang.Class.forName0(Native Method)
	at java.lang.Class.forName(Class.java:348)
	at org.apache.velocity.util.ClassUtils.getClass(ClassUtils.java:63)
	at org.apache.velocity.util.ClassUtils.getNewInstance(ClassUtils.java:95)
	at org.apache.velocity.runtime.log.LogManager.createLogChute(LogManager.java:147)
	at org.apache.velocity.runtime.log.LogManager.updateLog(LogManager.java:208)
	at org.apache.velocity.runtime.RuntimeInstance.initializeLog(RuntimeInstance.java:728)
	at org.apache.velocity.runtime.RuntimeInstance.init(RuntimeInstance.java:240)
	at org.apache.velocity.runtime.RuntimeSingleton.init(RuntimeSingleton.java:113)
	at org.apache.velocity.app.Velocity.init(Velocity.java:83)
	at com.dfire.common.util.RenderHierarchyProperties.<clinit>(RenderHierarchyProperties.java:26)
	at com.dfire.api.StringUtilTest.parseDate(StringUtilTest.java:32)
	at sun.reflect.NativeMethodAccessorImpl.invoke0(Native Method)
	at sun.reflect.NativeMethodAccessorImpl.invoke(NativeMethodAccessorImpl.java:62)
	at sun.reflect.DelegatingMethodAccessorImpl.invoke(DelegatingMethodAccessorImpl.java:43)
	at java.lang.reflect.Method.invoke(Method.java:498)
	at org.junit.runners.model.FrameworkMethod$1.runReflectiveCall(FrameworkMethod.java:50)
	at org.junit.internal.runners.model.ReflectiveCallable.run(ReflectiveCallable.java:12)
	at org.junit.runners.model.FrameworkMethod.invokeExplosively(FrameworkMethod.java:47)
	at org.junit.internal.runners.statements.InvokeMethod.evaluate(InvokeMethod.java:17)
	at org.junit.runners.ParentRunner.runLeaf(ParentRunner.java:325)
	at org.junit.runners.BlockJUnit4ClassRunner.runChild(BlockJUnit4ClassRunner.java:78)
	at org.junit.runners.BlockJUnit4ClassRunner.runChild(BlockJUnit4ClassRunner.java:57)
	at org.junit.runners.ParentRunner$3.run(ParentRunner.java:290)
	at org.junit.runners.ParentRunner$1.schedule(ParentRunner.java:71)
	at org.junit.runners.ParentRunner.runChildren(ParentRunner.java:288)
	at org.junit.runners.ParentRunner.access$000(ParentRunner.java:58)
	at org.junit.runners.ParentRunner$2.evaluate(ParentRunner.java:268)
	at org.junit.runners.ParentRunner.run(ParentRunner.java:363)
	at org.apache.maven.surefire.junit4.JUnit4Provider.execute(JUnit4Provider.java:283)
	at org.apache.maven.surefire.junit4.JUnit4Provider.executeWithRerun(JUnit4Provider.java:173)
	at org.apache.maven.surefire.junit4.JUnit4Provider.executeTestSet(JUnit4Provider.java:153)
	at org.apache.maven.surefire.junit4.JUnit4Provider.invoke(JUnit4Provider.java:128)
	at org.apache.maven.surefire.booter.ForkedBooter.invokeProviderInSameClassLoader(ForkedBooter.java:203)
	at org.apache.maven.surefire.booter.ForkedBooter.runSuitesInProcess(ForkedBooter.java:155)
	at org.apache.maven.surefire.booter.ForkedBooter.main(ForkedBooter.java:103)
Caused by: java.lang.ClassNotFoundException: org.apache.log.format.Formatter
	at java.net.URLClassLoader.findClass(URLClassLoader.java:381)
	at java.lang.ClassLoader.loadClass(ClassLoader.java:424)
	at sun.misc.Launcher$AppClassLoader.loadClass(Launcher.java:338)
	at java.lang.ClassLoader.loadClass(ClassLoader.java:357)
	... 36 more
2018-05-15 15:54:22,069 - Trying to use logger class org.apache.velocity.runtime.log.Log4JLogChute
2018-05-15 15:54:22,069 - Using logger class org.apache.velocity.runtime.log.Log4JLogChute
2018-05-15 15:54:22,071 - Default ResourceManager initializing. (class org.apache.velocity.runtime.resource.ResourceManagerImpl)
2018-05-15 15:54:22,074 - ResourceLoader instantiated: org.apache.velocity.runtime.resource.loader.FileResourceLoader
2018-05-15 15:54:22,074 - Do unicode file recognition:  false
2018-05-15 15:54:22,075 - FileResourceLoader : adding path '.'
2018-05-15 15:54:22,086 - ResourceCache: initialized (class org.apache.velocity.runtime.resource.ResourceCacheImpl)
2018-05-15 15:54:22,087 - Loaded System Directive: org.apache.velocity.runtime.directive.Literal
2018-05-15 15:54:22,088 - Loaded System Directive: org.apache.velocity.runtime.directive.Macro
2018-05-15 15:54:22,089 - Loaded System Directive: org.apache.velocity.runtime.directive.Parse
2018-05-15 15:54:22,090 - Loaded System Directive: org.apache.velocity.runtime.directive.Include
2018-05-15 15:54:22,091 - Loaded System Directive: org.apache.velocity.runtime.directive.Foreach
2018-05-15 15:54:22,134 - Created '20' parsers.
2018-05-15 15:54:22,144 - Velocimacro : "velocimacro.library" is not set.  Trying default library: VM_global_library.vm
2018-05-15 15:54:22,144 - Velocimacro : Default library not found.
2018-05-15 15:54:22,144 - Velocimacro : allowInline = true : VMs can be defined inline in templates
2018-05-15 15:54:22,144 - Velocimacro : allowInlineToOverride = false : VMs defined inline may NOT replace previous VM definitions
2018-05-15 15:54:22,144 - Velocimacro : allowInlineLocal = false : VMs defined inline will be global in scope if allowed.
2018-05-15 15:54:22,144 - Velocimacro : autoload off : VM system will not automatically reload global library macros
2018-05-15 15:58:11,057 - Log4JLogChute initialized using file 'velocity.log'
2018-05-15 15:58:11,057 - Starting Apache Velocity v1.5 (compiled: 2007-02-22 08:52:29)
2018-05-15 15:58:11,057 - Default Properties File: org/apache/velocity/runtime/defaults/velocity.properties
2018-05-15 15:58:11,057 - Trying to use logger class org.apache.velocity.runtime.log.AvalonLogChute
2018-05-15 15:58:11,058 - Couldn't find class org.apache.velocity.runtime.log.AvalonLogChute or necessary supporting classes in classpath.
java.lang.NoClassDefFoundError: org/apache/log/format/Formatter
	at java.lang.Class.forName0(Native Method)
	at java.lang.Class.forName(Class.java:348)
	at org.apache.velocity.util.ClassUtils.getClass(ClassUtils.java:63)
	at org.apache.velocity.util.ClassUtils.getNewInstance(ClassUtils.java:95)
	at org.apache.velocity.runtime.log.LogManager.createLogChute(LogManager.java:147)
	at org.apache.velocity.runtime.log.LogManager.updateLog(LogManager.java:208)
	at org.apache.velocity.runtime.RuntimeInstance.initializeLog(RuntimeInstance.java:728)
	at org.apache.velocity.runtime.RuntimeInstance.init(RuntimeInstance.java:240)
	at org.apache.velocity.runtime.RuntimeSingleton.init(RuntimeSingleton.java:113)
	at org.apache.velocity.app.Velocity.init(Velocity.java:83)
	at com.dfire.common.util.RenderHierarchyProperties.<clinit>(RenderHierarchyProperties.java:26)
	at com.dfire.api.StringUtilTest.parseDate(StringUtilTest.java:32)
	at sun.reflect.NativeMethodAccessorImpl.invoke0(Native Method)
	at sun.reflect.NativeMethodAccessorImpl.invoke(NativeMethodAccessorImpl.java:62)
	at sun.reflect.DelegatingMethodAccessorImpl.invoke(DelegatingMethodAccessorImpl.java:43)
	at java.lang.reflect.Method.invoke(Method.java:498)
	at org.junit.runners.model.FrameworkMethod$1.runReflectiveCall(FrameworkMethod.java:50)
	at org.junit.internal.runners.model.ReflectiveCallable.run(ReflectiveCallable.java:12)
	at org.junit.runners.model.FrameworkMethod.invokeExplosively(FrameworkMethod.java:47)
	at org.junit.internal.runners.statements.InvokeMethod.evaluate(InvokeMethod.java:17)
	at org.junit.runners.ParentRunner.runLeaf(ParentRunner.java:325)
	at org.junit.runners.BlockJUnit4ClassRunner.runChild(BlockJUnit4ClassRunner.java:78)
	at org.junit.runners.BlockJUnit4ClassRunner.runChild(BlockJUnit4ClassRunner.java:57)
	at org.junit.runners.ParentRunner$3.run(ParentRunner.java:290)
	at org.junit.runners.ParentRunner$1.schedule(ParentRunner.java:71)
	at org.junit.runners.ParentRunner.runChildren(ParentRunner.java:288)
	at org.junit.runners.ParentRunner.access$000(ParentRunner.java:58)
	at org.junit.runners.ParentRunner$2.evaluate(ParentRunner.java:268)
	at org.junit.runners.ParentRunner.run(ParentRunner.java:363)
	at org.apache.maven.surefire.junit4.JUnit4Provider.execute(JUnit4Provider.java:283)
	at org.apache.maven.surefire.junit4.JUnit4Provider.executeWithRerun(JUnit4Provider.java:173)
	at org.apache.maven.surefire.junit4.JUnit4Provider.executeTestSet(JUnit4Provider.java:153)
	at org.apache.maven.surefire.junit4.JUnit4Provider.invoke(JUnit4Provider.java:128)
	at org.apache.maven.surefire.booter.ForkedBooter.invokeProviderInSameClassLoader(ForkedBooter.java:203)
	at org.apache.maven.surefire.booter.ForkedBooter.runSuitesInProcess(ForkedBooter.java:155)
	at org.apache.maven.surefire.booter.ForkedBooter.main(ForkedBooter.java:103)
Caused by: java.lang.ClassNotFoundException: org.apache.log.format.Formatter
	at java.net.URLClassLoader.findClass(URLClassLoader.java:381)
	at java.lang.ClassLoader.loadClass(ClassLoader.java:424)
	at sun.misc.Launcher$AppClassLoader.loadClass(Launcher.java:338)
	at java.lang.ClassLoader.loadClass(ClassLoader.java:357)
	... 36 more
2018-05-15 15:58:11,059 - Trying to use logger class org.apache.velocity.runtime.log.Log4JLogChute
2018-05-15 15:58:11,059 - Using logger class org.apache.velocity.runtime.log.Log4JLogChute
2018-05-15 15:58:11,062 - Default ResourceManager initializing. (class org.apache.velocity.runtime.resource.ResourceManagerImpl)
2018-05-15 15:58:11,066 - ResourceLoader instantiated: org.apache.velocity.runtime.resource.loader.FileResourceLoader
2018-05-15 15:58:11,068 - Do unicode file recognition:  false
2018-05-15 15:58:11,068 - FileResourceLoader : adding path '.'
2018-05-15 15:58:11,086 - ResourceCache: initialized (class org.apache.velocity.runtime.resource.ResourceCacheImpl)
2018-05-15 15:58:11,089 - Loaded System Directive: org.apache.velocity.runtime.directive.Literal
2018-05-15 15:58:11,090 - Loaded System Directive: org.apache.velocity.runtime.directive.Macro
2018-05-15 15:58:11,091 - Loaded System Directive: org.apache.velocity.runtime.directive.Parse
2018-05-15 15:58:11,093 - Loaded System Directive: org.apache.velocity.runtime.directive.Include
2018-05-15 15:58:11,094 - Loaded System Directive: org.apache.velocity.runtime.directive.Foreach
2018-05-15 15:58:11,127 - Created '20' parsers.
2018-05-15 15:58:11,134 - Velocimacro : "velocimacro.library" is not set.  Trying default library: VM_global_library.vm
2018-05-15 15:58:11,134 - Velocimacro : Default library not found.
2018-05-15 15:58:11,134 - Velocimacro : allowInline = true : VMs can be defined inline in templates
2018-05-15 15:58:11,134 - Velocimacro : allowInlineToOverride = false : VMs defined inline may NOT replace previous VM definitions
2018-05-15 15:58:11,135 - Velocimacro : allowInlineLocal = false : VMs defined inline will be global in scope if allowed.
2018-05-15 15:58:11,135 - Velocimacro : autoload off : VM system will not automatically reload global library macros
